<?xml version="1.0" encoding="UTF-8"?>
<!-- Generated by org.testng.reporters.JUnitReportReporter -->
<testsuite skipped="0" hostname="netstorm-TECRA-C50-C" name="com.qa.SecondSuite" tests="2" failures="0" timestamp="09 Sep 2018 10:35:02 GMT" time="0.001" errors="0">
  <testcase name="look" time="0.001" classname="com.qa.SecondSuite"/>
  <testcase name="see" time="0.000" classname="com.qa.SecondSuite"/>
</testsuite> <!-- com.qa.SecondSuite -->
