<?xml version="1.0" encoding="UTF-8"?>
<!-- Generated by org.testng.reporters.JUnitReportReporter -->
<testsuite skipped="0" hostname="netstorm-TECRA-C50-C" name="com.qa.FirstSuite" tests="2" failures="0" timestamp="09 Sep 2018 10:35:02 GMT" time="0.011" errors="0">
  <testcase name="dispaly" time="0.009" classname="com.qa.FirstSuite"/>
  <testcase name="show" time="0.002" classname="com.qa.FirstSuite"/>
</testsuite> <!-- com.qa.FirstSuite -->
